TN:
SF:src\polyfills.ts
FNF:0
FNH:0
LF:0
LH:0
BRF:0
BRH:0
end_of_record
TN:
SF:src\test.ts
FNF:0
FNH:0
DA:13,1
DA:18,1
DA:20,1
LF:3
LH:3
BRF:0
BRH:0
end_of_record
TN:
SF:src\zone-flags.ts
FNF:0
FNH:0
DA:5,1
LF:1
LH:1
BRF:0
BRH:0
end_of_record
TN:
SF:src\app\app.component.ts
FN:13,(anonymous_0)
FNF:1
FNH:0
FNDA:0,(anonymous_0)
DA:12,1
LF:1
LH:1
BRF:0
BRH:0
end_of_record
TN:
SF:src\app\guards\auth\auth.guard.ts
FN:14,(anonymous_0)
FN:16,(anonymous_1)
FN:21,(anonymous_2)
FNF:3
FNH:1
FNDA:1,(anonymous_0)
FNDA:0,(anonymous_1)
FNDA:0,(anonymous_2)
DA:11,1
DA:14,1
DA:15,1
DA:21,0
DA:24,0
DA:25,0
DA:26,0
DA:28,0
LF:8
LH:3
BRDA:24,0,0,0
BRDA:24,0,1,0
BRF:2
BRH:0
end_of_record
TN:
SF:src\app\guards\nologin\nologin.guard.ts
FN:12,(anonymous_0)
FN:15,(anonymous_1)
FN:19,(anonymous_2)
FNF:3
FNH:1
FNDA:1,(anonymous_0)
FNDA:0,(anonymous_1)
FNDA:0,(anonymous_2)
DA:10,1
DA:12,1
DA:13,1
DA:19,0
DA:22,0
DA:23,0
DA:25,0
DA:26,0
DA:29,0
LF:9
LH:3
BRDA:22,0,0,0
BRDA:22,0,1,0
BRF:2
BRH:0
end_of_record
TN:
SF:src\app\pages\aliquot\aliquot.page.ts
FN:34,(anonymous_0)
FN:39,(anonymous_1)
FN:54,(anonymous_2)
FN:63,(anonymous_3)
FN:66,(anonymous_4)
FN:84,(anonymous_5)
FN:103,(anonymous_6)
FN:111,(anonymous_7)
FN:119,(anonymous_9)
FN:126,(anonymous_10)
FN:134,(anonymous_12)
FN:142,(anonymous_13)
FN:148,(anonymous_15)
FN:155,(anonymous_16)
FN:162,(anonymous_18)
FN:170,(anonymous_19)
FN:178,(anonymous_20)
FN:186,(anonymous_21)
FN:197,(anonymous_23)
FNF:19
FNH:6
FNDA:1,(anonymous_0)
FNDA:1,(anonymous_1)
FNDA:1,(anonymous_2)
FNDA:2,(anonymous_3)
FNDA:18,(anonymous_4)
FNDA:18,(anonymous_5)
FNDA:0,(anonymous_6)
FNDA:0,(anonymous_7)
FNDA:0,(anonymous_9)
FNDA:0,(anonymous_10)
FNDA:0,(anonymous_12)
FNDA:0,(anonymous_13)
FNDA:0,(anonymous_15)
FNDA:0,(anonymous_16)
FNDA:0,(anonymous_18)
FNDA:0,(anonymous_19)
FNDA:0,(anonymous_20)
FNDA:0,(anonymous_21)
FNDA:0,(anonymous_23)
DA:14,1
DA:24,1
DA:26,1
DA:27,1
DA:29,1
DA:30,1
DA:34,1
DA:35,1
DA:36,1
DA:37,1
DA:42,1
DA:48,1
DA:54,1
DA:55,1
DA:56,1
DA:57,1
DA:63,1
DA:66,2
DA:69,18
DA:84,2
DA:87,18
DA:105,0
DA:112,0
DA:113,0
DA:115,0
DA:116,0
DA:119,0
DA:120,0
DA:121,0
DA:127,0
DA:128,0
DA:130,0
DA:131,0
DA:134,0
DA:135,0
DA:136,0
DA:144,0
DA:149,0
DA:150,0
DA:157,0
DA:163,0
DA:164,0
DA:173,0
DA:181,0
DA:187,0
DA:192,0
DA:194,0
DA:199,0
LF:48
LH:21
BRDA:115,0,0,0
BRDA:115,0,1,0
BRDA:120,1,0,0
BRDA:120,1,1,0
BRDA:120,2,0,0
BRDA:120,2,1,0
BRDA:130,3,0,0
BRDA:130,3,1,0
BRDA:135,4,0,0
BRDA:135,4,1,0
BRDA:135,5,0,0
BRDA:135,5,1,0
BRF:12
BRH:0
end_of_record
TN:
SF:src\app\pages\aliquot\aliquot-create\aliquot-create.component.ts
FN:33,(anonymous_0)
FN:40,(anonymous_1)
FN:64,(anonymous_2)
FN:67,(anonymous_3)
FN:79,(anonymous_4)
FN:87,(anonymous_5)
FN:100,(anonymous_6)
FN:103,(anonymous_7)
FN:110,(anonymous_8)
FN:122,(anonymous_9)
FN:129,(anonymous_10)
FN:137,(anonymous_11)
FN:148,(anonymous_13)
FNF:13
FNH:4
FNDA:1,(anonymous_0)
FNDA:1,(anonymous_1)
FNDA:2,(anonymous_2)
FNDA:14,(anonymous_3)
FNDA:0,(anonymous_4)
FNDA:0,(anonymous_5)
FNDA:0,(anonymous_6)
FNDA:0,(anonymous_7)
FNDA:0,(anonymous_8)
FNDA:0,(anonymous_9)
FNDA:0,(anonymous_10)
FNDA:0,(anonymous_11)
FNDA:0,(anonymous_13)
DA:12,1
DA:15,1
DA:31,1
DA:33,1
DA:34,1
DA:35,1
DA:36,1
DA:37,1
DA:43,1
DA:46,1
DA:64,1
DA:67,2
DA:70,14
DA:81,0
DA:88,0
DA:89,0
DA:90,0
DA:92,0
DA:99,0
DA:100,0
DA:103,0
DA:104,0
DA:111,0
DA:115,0
DA:116,0
DA:123,0
DA:131,0
DA:132,0
DA:133,0
DA:138,0
DA:144,0
DA:149,0
DA:150,0
DA:152,0
DA:154,0
LF:35
LH:13
BRDA:92,0,0,0
BRDA:92,0,1,0
BRDA:92,1,0,0
BRDA:92,1,1,0
BRDA:92,1,2,0
BRDA:92,1,3,0
BRDA:92,1,4,0
BRDA:92,1,5,0
BRDA:92,1,6,0
BRDA:152,2,0,0
BRDA:152,2,1,0
BRF:11
BRH:0
end_of_record
TN:
SF:src\app\pages\aliquot\aliquot-edit\aliquot-edit.component.ts
FN:32,(anonymous_0)
FN:39,(anonymous_1)
FN:62,(anonymous_2)
FN:73,(anonymous_3)
FN:77,(anonymous_4)
FN:87,(anonymous_5)
FN:92,(anonymous_6)
FN:98,(anonymous_7)
FN:108,(anonymous_9)
FNF:9
FNH:2
FNDA:1,(anonymous_0)
FNDA:1,(anonymous_1)
FNDA:0,(anonymous_2)
FNDA:0,(anonymous_3)
FNDA:0,(anonymous_4)
FNDA:0,(anonymous_5)
FNDA:0,(anonymous_6)
FNDA:0,(anonymous_7)
FNDA:0,(anonymous_9)
DA:12,1
DA:14,1
DA:32,1
DA:33,1
DA:34,1
DA:35,1
DA:36,1
DA:37,1
DA:41,1
DA:43,1
DA:44,1
DA:48,1
DA:65,0
DA:66,0
DA:73,0
DA:74,0
DA:78,0
DA:82,0
DA:88,0
DA:93,0
DA:94,0
DA:95,0
DA:99,0
DA:105,0
DA:109,0
DA:110,0
DA:112,0
DA:114,0
LF:28
LH:12
BRDA:65,0,0,0
BRDA:65,0,1,0
BRDA:65,1,0,0
BRDA:65,1,1,0
BRDA:66,2,0,0
BRDA:66,2,1,0
BRDA:66,3,0,0
BRDA:66,3,1,0
BRDA:66,3,2,0
BRDA:66,3,3,0
BRDA:66,3,4,0
BRDA:112,4,0,0
BRDA:112,4,1,0
BRF:13
BRH:0
end_of_record
TN:
SF:src\app\pages\booking\booking.page.ts
FN:46,(anonymous_0)
FN:54,(anonymous_1)
FN:66,(anonymous_2)
FN:73,(anonymous_3)
FN:77,(anonymous_4)
FN:95,(anonymous_5)
FN:100,(anonymous_6)
FN:103,(anonymous_7)
FN:121,(anonymous_8)
FN:127,(anonymous_9)
FN:132,(anonymous_10)
FN:145,(anonymous_11)
FN:156,(anonymous_12)
FN:164,(anonymous_14)
FN:175,(anonymous_15)
FN:183,(anonymous_16)
FN:195,(anonymous_18)
FN:219,(anonymous_19)
FN:226,(anonymous_21)
FN:233,(anonymous_22)
FN:244,(anonymous_24)
FN:252,(anonymous_25)
FNF:22
FNH:9
FNDA:1,(anonymous_0)
FNDA:1,(anonymous_1)
FNDA:1,(anonymous_2)
FNDA:1,(anonymous_3)
FNDA:2,(anonymous_4)
FNDA:0,(anonymous_5)
FNDA:1,(anonymous_6)
FNDA:2,(anonymous_7)
FNDA:0,(anonymous_8)
FNDA:1,(anonymous_9)
FNDA:1,(anonymous_10)
FNDA:0,(anonymous_11)
FNDA:0,(anonymous_12)
FNDA:0,(anonymous_14)
FNDA:0,(anonymous_15)
FNDA:0,(anonymous_16)
FNDA:0,(anonymous_18)
FNDA:0,(anonymous_19)
FNDA:0,(anonymous_21)
FNDA:0,(anonymous_22)
FNDA:0,(anonymous_24)
FNDA:0,(anonymous_25)
DA:17,1
DA:40,1
DA:41,1
DA:43,1
DA:46,1
DA:47,1
DA:48,1
DA:49,1
DA:50,1
DA:51,1
DA:52,1
DA:57,1
DA:59,1
DA:66,1
DA:68,1
DA:73,1
DA:75,1
DA:77,1
DA:80,2
DA:97,0
DA:100,1
DA:103,1
DA:106,2
DA:123,0
DA:127,1
DA:129,1
DA:132,1
DA:135,1
DA:147,0
DA:157,0
DA:158,0
DA:160,0
DA:161,0
DA:164,0
DA:165,0
DA:166,0
DA:178,0
DA:184,0
DA:189,0
DA:191,0
DA:196,0
DA:197,0
DA:198,0
DA:199,0
DA:201,0
DA:202,0
DA:203,0
DA:204,0
DA:205,0
DA:206,0
DA:208,0
DA:213,0
DA:222,0
DA:227,0
DA:228,0
DA:239,0
DA:245,0
DA:246,0
DA:254,0
LF:59
LH:26
BRDA:160,0,0,0
BRDA:160,0,1,0
BRDA:165,1,0,0
BRDA:165,1,1,0
BRDA:165,2,0,0
BRDA:165,2,1,0
BRDA:166,3,0,0
BRDA:166,3,1,0
BRDA:166,3,2,0
BRDA:202,4,0,0
BRDA:202,4,1,0
BRF:11
BRH:0
end_of_record
TN:
SF:src\app\pages\booking\booking-create\booking-create.component.ts
FN:57,(anonymous_0)
FN:65,(anonymous_1)
FN:66,(anonymous_2)
FN:69,(anonymous_3)
FN:122,(anonymous_4)
FN:125,(anonymous_5)
FN:137,(anonymous_6)
FN:145,(anonymous_7)
FN:162,(anonymous_8)
FN:166,(anonymous_9)
FN:180,(anonymous_10)
FN:184,(anonymous_11)
FNF:12
FNH:5
FNDA:1,(anonymous_0)
FNDA:1,(anonymous_1)
FNDA:1,(anonymous_2)
FNDA:0,(anonymous_3)
FNDA:2,(anonymous_4)
FNDA:14,(anonymous_5)
FNDA:0,(anonymous_6)
FNDA:0,(anonymous_7)
FNDA:0,(anonymous_8)
FNDA:0,(anonymous_9)
FNDA:0,(anonymous_10)
FNDA:0,(anonymous_11)
DA:12,1
DA:14,1
DA:17,1
DA:23,1
DA:30,1
DA:39,1
DA:48,1
DA:55,1
DA:57,1
DA:58,1
DA:59,1
DA:60,1
DA:61,1
DA:62,1
DA:66,1
DA:68,1
DA:69,1
DA:70,0
DA:76,1
DA:78,1
DA:80,1
DA:82,1
DA:83,1
DA:84,1
DA:85,0
DA:100,1
DA:122,1
DA:125,2
DA:128,14
DA:139,0
DA:146,0
DA:147,0
DA:148,0
DA:149,0
DA:150,0
DA:151,0
DA:152,0
DA:159,0
DA:162,0
DA:163,0
DA:167,0
DA:168,0
DA:172,0
DA:173,0
DA:174,0
DA:181,0
DA:185,0
DA:191,0
LF:48
LH:27
BRDA:84,0,0,0
BRDA:84,0,1,1
BRDA:152,1,0,0
BRDA:152,1,1,0
BRDA:153,2,0,0
BRDA:153,2,1,0
BRDA:153,2,2,0
BRDA:153,2,3,0
BRDA:153,2,4,0
BRDA:153,2,5,0
BRF:10
BRH:1
end_of_record
TN:
SF:src\app\pages\booking\booking-edit\booking-edit.component.ts
FN:58,(anonymous_0)
FN:67,(anonymous_1)
FN:97,(anonymous_2)
FN:102,(anonymous_3)
FN:115,(anonymous_4)
FN:122,(anonymous_5)
FN:145,(anonymous_6)
FN:149,(anonymous_7)
FN:153,(anonymous_8)
FN:157,(anonymous_9)
FN:165,(anonymous_10)
FN:171,(anonymous_11)
FN:186,(anonymous_12)
FN:190,(anonymous_13)
FNF:14
FNH:4
FNDA:1,(anonymous_0)
FNDA:1,(anonymous_1)
FNDA:2,(anonymous_2)
FNDA:2,(anonymous_3)
FNDA:0,(anonymous_4)
FNDA:0,(anonymous_5)
FNDA:0,(anonymous_6)
FNDA:0,(anonymous_7)
FNDA:0,(anonymous_8)
FNDA:0,(anonymous_9)
FNDA:0,(anonymous_10)
FNDA:0,(anonymous_11)
FNDA:0,(anonymous_12)
FNDA:0,(anonymous_13)
DA:15,1
DA:18,1
DA:24,1
DA:31,1
DA:40,1
DA:58,1
DA:59,1
DA:60,1
DA:61,1
DA:62,1
DA:63,1
DA:64,1
DA:65,1
DA:70,1
DA:71,1
DA:73,1
DA:74,1
DA:75,1
DA:85,1
DA:97,1
DA:99,2
DA:102,2
DA:105,2
DA:117,0
DA:123,0
DA:124,0
DA:125,0
DA:135,0
DA:137,0
DA:138,0
DA:139,0
DA:140,0
DA:141,0
DA:142,0
DA:145,0
DA:151,0
DA:153,0
DA:159,0
DA:161,0
DA:165,0
DA:168,0
DA:173,0
DA:182,0
DA:187,0
DA:191,0
DA:197,0
LF:46
LH:23
BRDA:124,0,0,0
BRDA:124,0,1,0
BRDA:138,1,0,0
BRDA:138,1,1,0
BRF:4
BRH:0
end_of_record
TN:
SF:src\app\pages\chat\chat.page.ts
FN:27,(anonymous_0)
FN:32,(anonymous_1)
FN:34,(anonymous_2)
FN:44,(anonymous_3)
FN:52,(anonymous_5)
FN:59,(anonymous_6)
FN:71,(anonymous_8)
FNF:7
FNH:3
FNDA:1,(anonymous_0)
FNDA:1,(anonymous_1)
FNDA:1,(anonymous_2)
FNDA:0,(anonymous_3)
FNDA:0,(anonymous_5)
FNDA:0,(anonymous_6)
FNDA:0,(anonymous_8)
DA:12,1
DA:19,1
DA:20,1
DA:22,1
DA:23,1
DA:27,1
DA:28,1
DA:29,1
DA:30,1
DA:34,1
DA:36,1
DA:37,1
DA:45,0
DA:46,0
DA:48,0
DA:49,0
DA:52,0
DA:53,0
DA:54,0
DA:60,0
DA:65,0
DA:67,0
DA:73,0
DA:74,0
DA:75,0
DA:76,0
DA:77,0
LF:27
LH:12
BRDA:48,0,0,0
BRDA:48,0,1,0
BRDA:53,1,0,0
BRDA:53,1,1,0
BRDA:53,2,0,0
BRDA:53,2,1,0
BRF:6
BRH:0
end_of_record
TN:
SF:src\app\pages\chatroom\chatroom.page.ts
FN:29,(anonymous_0)
FN:43,(anonymous_1)
FN:51,(anonymous_2)
FN:52,(anonymous_3)
FN:56,(anonymous_4)
FN:58,(anonymous_5)
FN:60,(anonymous_6)
FN:62,(anonymous_7)
FN:66,(anonymous_8)
FN:83,(anonymous_9)
FN:98,(anonymous_10)
FN:106,(anonymous_11)
FNF:12
FNH:8
FNDA:1,(anonymous_0)
FNDA:1,(anonymous_1)
FNDA:2,(anonymous_2)
FNDA:2,(anonymous_3)
FNDA:2,(anonymous_4)
FNDA:2,(anonymous_5)
FNDA:2,(anonymous_6)
FNDA:2,(anonymous_7)
FNDA:0,(anonymous_8)
FNDA:0,(anonymous_9)
FNDA:0,(anonymous_10)
FNDA:0,(anonymous_11)
DA:13,1
DA:25,1
DA:27,1
DA:29,1
DA:30,1
DA:31,1
DA:33,1
DA:34,1
DA:35,1
DA:38,1
DA:39,1
DA:48,1
DA:52,2
DA:54,2
DA:56,2
DA:58,2
DA:60,2
DA:62,2
DA:64,2
DA:66,2
DA:84,0
DA:85,0
DA:87,0
DA:99,0
DA:100,0
DA:101,0
DA:102,0
DA:107,0
DA:112,0
LF:29
LH:20
BRDA:64,0,0,2
BRDA:64,0,1,0
BRF:2
BRH:1
end_of_record
TN:
SF:src\app\pages\event\event.page.ts
FN:47,(anonymous_0)
FN:55,(anonymous_1)
FN:66,(anonymous_2)
FN:71,(anonymous_3)
FN:91,(anonymous_4)
FN:96,(anonymous_5)
FN:99,(anonymous_6)
FN:119,(anonymous_7)
FN:125,(anonymous_8)
FN:129,(anonymous_9)
FN:141,(anonymous_10)
FN:182,(anonymous_11)
FN:190,(anonymous_13)
FN:201,(anonymous_14)
FN:209,(anonymous_15)
FN:221,(anonymous_17)
FN:248,(anonymous_18)
FN:255,(anonymous_20)
FN:262,(anonymous_21)
FN:288,(anonymous_23)
FN:290,(anonymous_24)
FN:325,(anonymous_25)
FN:334,(anonymous_26)
FN:338,(anonymous_27)
FN:350,(anonymous_28)
FN:354,(anonymous_29)
FNF:26
FNH:8
FNDA:1,(anonymous_0)
FNDA:1,(anonymous_1)
FNDA:2,(anonymous_2)
FNDA:2,(anonymous_3)
FNDA:0,(anonymous_4)
FNDA:2,(anonymous_5)
FNDA:2,(anonymous_6)
FNDA:0,(anonymous_7)
FNDA:2,(anonymous_8)
FNDA:4,(anonymous_9)
FNDA:0,(anonymous_10)
FNDA:0,(anonymous_11)
FNDA:0,(anonymous_13)
FNDA:0,(anonymous_14)
FNDA:0,(anonymous_15)
FNDA:0,(anonymous_17)
FNDA:0,(anonymous_18)
FNDA:0,(anonymous_20)
FNDA:0,(anonymous_21)
FNDA:0,(anonymous_23)
FNDA:0,(anonymous_24)
FNDA:0,(anonymous_25)
FNDA:0,(anonymous_26)
FNDA:0,(anonymous_27)
FNDA:0,(anonymous_28)
FNDA:0,(anonymous_29)
DA:16,1
DA:43,1
DA:44,1
DA:47,1
DA:48,1
DA:49,1
DA:50,1
DA:51,1
DA:52,1
DA:53,1
DA:59,1
DA:66,1
DA:68,2
DA:71,2
DA:74,2
DA:93,0
DA:96,1
DA:99,2
DA:102,2
DA:118,2
DA:121,0
DA:125,1
DA:127,2
DA:129,2
DA:132,4
DA:143,0
DA:150,1
DA:170,1
DA:183,0
DA:184,0
DA:186,0
DA:187,0
DA:190,0
DA:191,0
DA:192,0
DA:204,0
DA:210,0
DA:215,0
DA:217,0
DA:222,0
DA:224,0
DA:225,0
DA:226,0
DA:228,0
DA:229,0
DA:230,0
DA:231,0
DA:232,0
DA:233,0
DA:235,0
DA:241,0
DA:244,0
DA:251,0
DA:256,0
DA:257,0
DA:266,0
DA:280,0
DA:283,0
DA:289,0
DA:290,0
DA:291,0
DA:293,0
DA:294,0
DA:295,0
DA:309,0
DA:320,0
DA:321,0
DA:322,0
DA:325,0
DA:326,0
DA:327,0
DA:328,0
DA:329,0
DA:331,0
DA:332,0
DA:333,0
DA:334,0
DA:340,0
DA:347,0
DA:350,0
DA:356,0
LF:81
LH:25
BRDA:186,0,0,0
BRDA:186,0,1,0
BRDA:191,1,0,0
BRDA:191,1,1,0
BRDA:191,2,0,0
BRDA:191,2,1,0
BRDA:192,3,0,0
BRDA:192,3,1,0
BRDA:192,3,2,0
BRDA:229,4,0,0
BRDA:229,4,1,0
BRDA:293,5,0,0
BRDA:293,5,1,0
BRDA:293,6,0,0
BRDA:293,6,1,0
BRDA:331,7,0,0
BRDA:331,7,1,0
BRDA:347,8,0,0
BRDA:347,8,1,0
BRDA:347,9,0,0
BRDA:347,9,1,0
BRF:21
BRH:0
end_of_record
TN:
SF:src\app\pages\event\event-create\event-create.component.ts
FN:69,(anonymous_0)
FN:78,(anonymous_1)
FN:86,(anonymous_2)
FN:89,(anonymous_3)
FN:133,(anonymous_4)
FN:160,(anonymous_5)
FN:163,(anonymous_6)
FN:168,(anonymous_7)
FN:178,(anonymous_8)
FN:182,(anonymous_9)
FN:192,(anonymous_11)
FN:213,(anonymous_12)
FN:216,(anonymous_13)
FNF:13
FNH:3
FNDA:1,(anonymous_0)
FNDA:1,(anonymous_1)
FNDA:1,(anonymous_2)
FNDA:0,(anonymous_3)
FNDA:0,(anonymous_4)
FNDA:0,(anonymous_5)
FNDA:0,(anonymous_6)
FNDA:0,(anonymous_7)
FNDA:0,(anonymous_8)
FNDA:0,(anonymous_9)
FNDA:0,(anonymous_11)
FNDA:0,(anonymous_12)
FNDA:0,(anonymous_13)
DA:15,1
DA:18,1
DA:24,1
DA:31,1
DA:40,1
DA:49,1
DA:65,1
DA:69,1
DA:70,1
DA:71,1
DA:72,1
DA:73,1
DA:74,1
DA:75,1
DA:76,1
DA:79,1
DA:81,1
DA:83,1
DA:86,1
DA:88,1
DA:89,1
DA:90,0
DA:96,1
DA:97,1
DA:112,1
DA:115,1
DA:134,0
DA:135,0
DA:136,0
DA:137,0
DA:138,0
DA:153,0
DA:154,0
DA:156,0
DA:160,0
DA:163,0
DA:164,0
DA:170,0
DA:173,0
DA:179,0
DA:183,0
DA:189,0
DA:195,0
DA:198,0
DA:201,0
DA:204,0
DA:205,0
DA:208,0
DA:211,0
DA:214,0
DA:218,0
DA:219,0
DA:220,0
LF:53
LH:25
BRDA:156,0,0,0
BRDA:156,0,1,0
BRDA:156,1,0,0
BRDA:156,1,1,0
BRDA:156,1,2,0
BRDA:156,1,3,0
BRDA:156,1,4,0
BRDA:156,1,5,0
BRDA:156,1,6,0
BRDA:156,1,7,0
BRF:10
BRH:0
end_of_record
TN:
SF:src\app\pages\event\event-edit\event-edit.component.ts
FN:58,(anonymous_0)
FN:64,(anonymous_1)
FN:75,(anonymous_2)
FN:80,(anonymous_3)
FN:86,(anonymous_4)
FNF:5
FNH:2
FNDA:1,(anonymous_0)
FNDA:1,(anonymous_1)
FNDA:0,(anonymous_2)
FNDA:0,(anonymous_3)
FNDA:0,(anonymous_4)
DA:12,1
DA:15,1
DA:21,1
DA:28,1
DA:37,1
DA:45,1
DA:58,1
DA:59,1
DA:60,1
DA:61,1
DA:62,1
DA:68,1
DA:77,0
DA:81,0
LF:14
LH:12
BRF:0
BRH:0
end_of_record
TN:
SF:src\app\pages\history\history.page.ts
FN:10,(anonymous_0)
FN:12,(anonymous_1)
FNF:2
FNH:2
FNDA:1,(anonymous_0)
FNDA:1,(anonymous_1)
DA:8,1
LF:1
LH:1
BRF:0
BRH:0
end_of_record
TN:
SF:src\app\pages\home\home.page.ts
FN:44,(anonymous_0)
FN:57,(anonymous_1)
FN:75,(anonymous_2)
FN:113,(anonymous_3)
FN:118,(anonymous_4)
FN:121,(anonymous_6)
FN:131,(anonymous_7)
FN:135,(anonymous_9)
FN:145,(anonymous_10)
FN:148,(anonymous_12)
FN:150,(anonymous_13)
FN:158,(anonymous_14)
FN:161,(anonymous_16)
FN:169,(anonymous_17)
FN:172,(anonymous_19)
FN:180,(anonymous_20)
FN:187,(anonymous_21)
FN:198,(anonymous_22)
FN:199,(anonymous_23)
FN:208,(anonymous_24)
FN:219,(anonymous_25)
FN:231,(anonymous_27)
FNF:22
FNH:3
FNDA:1,(anonymous_0)
FNDA:0,(anonymous_1)
FNDA:0,(anonymous_2)
FNDA:1,(anonymous_3)
FNDA:0,(anonymous_4)
FNDA:0,(anonymous_6)
FNDA:0,(anonymous_7)
FNDA:0,(anonymous_9)
FNDA:0,(anonymous_10)
FNDA:0,(anonymous_12)
FNDA:0,(anonymous_13)
FNDA:0,(anonymous_14)
FNDA:0,(anonymous_16)
FNDA:0,(anonymous_17)
FNDA:0,(anonymous_19)
FNDA:1,(anonymous_20)
FNDA:0,(anonymous_21)
FNDA:0,(anonymous_22)
FNDA:0,(anonymous_23)
FNDA:0,(anonymous_24)
FNDA:0,(anonymous_25)
FNDA:0,(anonymous_27)
DA:17,1
DA:19,1
DA:44,1
DA:45,1
DA:46,1
DA:47,1
DA:48,1
DA:49,1
DA:50,1
DA:51,1
DA:52,1
DA:53,1
DA:57,1
DA:58,0
DA:61,1
DA:62,1
DA:71,1
DA:72,1
DA:74,1
DA:75,1
DA:76,0
DA:78,0
DA:80,0
DA:90,0
DA:98,0
DA:99,0
DA:100,0
DA:101,0
DA:102,0
DA:121,0
DA:123,0
DA:124,0
DA:135,0
DA:137,0
DA:138,0
DA:139,0
DA:148,0
DA:150,0
DA:151,0
DA:152,0
DA:161,0
DA:163,0
DA:164,0
DA:172,0
DA:174,0
DA:175,0
DA:181,1
DA:182,1
DA:188,0
DA:189,0
DA:190,0
DA:191,0
DA:192,0
DA:199,0
DA:203,0
DA:204,0
DA:209,0
DA:215,0
DA:216,0
DA:220,0
DA:225,0
DA:226,0
DA:232,0
LF:63
LH:21
BRDA:76,0,0,0
BRDA:76,0,1,0
BRDA:181,1,0,1
BRDA:181,1,1,0
BRF:4
BRH:1
end_of_record
TN:
SF:src\app\pages\login\login.page.ts
FN:25,(anonymous_0)
FN:29,(anonymous_1)
FN:33,(anonymous_2)
FN:41,(anonymous_3)
FN:45,(anonymous_4)
FN:48,(anonymous_6)
FN:52,(anonymous_7)
FN:55,(anonymous_8)
FN:61,(anonymous_9)
FN:66,(anonymous_11)
FN:73,(anonymous_12)
FNF:11
FNH:3
FNDA:1,(anonymous_0)
FNDA:0,(anonymous_1)
FNDA:0,(anonymous_2)
FNDA:1,(anonymous_3)
FNDA:0,(anonymous_4)
FNDA:0,(anonymous_6)
FNDA:0,(anonymous_7)
FNDA:0,(anonymous_8)
FNDA:0,(anonymous_9)
FNDA:0,(anonymous_11)
FNDA:1,(anonymous_12)
DA:16,1
DA:25,1
DA:26,1
DA:27,1
DA:28,1
DA:29,1
DA:30,0
DA:33,1
DA:34,0
DA:36,0
DA:48,0
DA:56,0
DA:64,0
DA:67,0
DA:68,0
DA:74,1
DA:75,1
LF:17
LH:9
BRDA:34,0,0,0
BRDA:34,0,1,0
BRDA:74,1,0,1
BRDA:74,1,1,0
BRF:4
BRH:1
end_of_record
TN:
SF:src\app\pages\profile\profile.page.ts
FN:41,(anonymous_0)
FN:51,(anonymous_1)
FN:53,(anonymous_2)
FN:56,(anonymous_3)
FN:73,(anonymous_4)
FN:77,(anonymous_5)
FN:81,(anonymous_6)
FN:85,(anonymous_7)
FN:92,(anonymous_9)
FN:99,(anonymous_10)
FN:113,(anonymous_11)
FN:116,(anonymous_12)
FNF:12
FNH:3
FNDA:1,(anonymous_0)
FNDA:1,(anonymous_1)
FNDA:1,(anonymous_2)
FNDA:0,(anonymous_3)
FNDA:0,(anonymous_4)
FNDA:0,(anonymous_5)
FNDA:0,(anonymous_6)
FNDA:0,(anonymous_7)
FNDA:0,(anonymous_9)
FNDA:0,(anonymous_10)
FNDA:0,(anonymous_11)
FNDA:0,(anonymous_12)
DA:18,1
DA:20,1
DA:41,1
DA:42,1
DA:43,1
DA:44,1
DA:45,1
DA:46,1
DA:47,1
DA:48,1
DA:49,1
DA:53,1
DA:55,1
DA:56,1
DA:57,0
DA:67,1
DA:74,0
DA:78,0
DA:82,0
DA:88,0
DA:93,0
DA:94,0
DA:102,0
DA:104,0
DA:107,0
DA:108,0
DA:111,0
DA:114,0
DA:119,0
DA:125,0
DA:126,0
LF:31
LH:15
BRF:0
BRH:0
end_of_record
TN:
SF:src\app\pages\profile\edit-profile\edit-profile.component.ts
FN:42,(anonymous_0)
FN:54,(anonymous_1)
FN:56,(anonymous_2)
FN:58,(anonymous_3)
FN:72,(anonymous_4)
FN:81,(anonymous_6)
FN:85,(anonymous_8)
FN:94,(anonymous_10)
FN:104,(anonymous_12)
FN:112,(anonymous_13)
FN:135,(anonymous_14)
FN:145,(anonymous_15)
FNF:12
FNH:3
FNDA:1,(anonymous_0)
FNDA:1,(anonymous_1)
FNDA:1,(anonymous_2)
FNDA:0,(anonymous_3)
FNDA:0,(anonymous_4)
FNDA:0,(anonymous_6)
FNDA:0,(anonymous_8)
FNDA:0,(anonymous_10)
FNDA:0,(anonymous_12)
FNDA:0,(anonymous_13)
FNDA:0,(anonymous_14)
FNDA:0,(anonymous_15)
DA:16,1
DA:19,1
DA:27,1
DA:43,1
DA:44,1
DA:45,1
DA:46,1
DA:47,1
DA:48,1
DA:49,1
DA:50,1
DA:51,1
DA:52,1
DA:56,1
DA:57,1
DA:58,1
DA:59,0
DA:73,0
DA:78,0
DA:95,0
DA:101,0
DA:105,0
DA:113,0
DA:116,0
DA:118,0
DA:119,0
DA:121,0
DA:122,0
DA:124,0
DA:125,0
DA:126,0
DA:127,0
DA:131,0
DA:132,0
DA:136,0
DA:137,0
DA:139,0
DA:141,0
DA:146,0
DA:147,0
DA:148,0
DA:149,0
DA:150,0
LF:43
LH:16
BRDA:116,0,0,0
BRDA:116,0,1,0
BRDA:116,1,0,0
BRDA:116,1,1,0
BRDA:121,2,0,0
BRDA:121,2,1,0
BRDA:121,3,0,0
BRDA:121,3,1,0
BRDA:125,4,0,0
BRDA:125,4,1,0
BRDA:139,5,0,0
BRDA:139,5,1,0
BRDA:147,6,0,0
BRDA:147,6,1,0
BRDA:148,7,0,0
BRDA:148,7,1,0
BRF:16
BRH:0
end_of_record
TN:
SF:src\app\pages\register\register.page.ts
FN:35,(anonymous_0)
FN:42,(anonymous_1)
FN:52,(anonymous_2)
FN:55,(anonymous_3)
FN:73,(anonymous_4)
FN:79,(anonymous_5)
FN:82,(anonymous_6)
FN:100,(anonymous_7)
FN:107,(anonymous_8)
FN:115,(anonymous_10)
FN:123,(anonymous_11)
FN:131,(anonymous_12)
FN:143,(anonymous_13)
FN:153,(anonymous_15)
FN:166,(anonymous_16)
FN:172,(anonymous_18)
FN:175,(anonymous_19)
FN:181,(anonymous_20)
FN:188,(anonymous_22)
FN:191,(anonymous_23)
FN:198,(anonymous_24)
FN:209,(anonymous_26)
FNF:22
FNH:6
FNDA:1,(anonymous_0)
FNDA:1,(anonymous_1)
FNDA:1,(anonymous_2)
FNDA:7,(anonymous_3)
FNDA:0,(anonymous_4)
FNDA:1,(anonymous_5)
FNDA:7,(anonymous_6)
FNDA:0,(anonymous_7)
FNDA:0,(anonymous_8)
FNDA:0,(anonymous_10)
FNDA:0,(anonymous_11)
FNDA:0,(anonymous_12)
FNDA:0,(anonymous_13)
FNDA:0,(anonymous_15)
FNDA:0,(anonymous_16)
FNDA:0,(anonymous_18)
FNDA:0,(anonymous_19)
FNDA:0,(anonymous_20)
FNDA:0,(anonymous_22)
FNDA:0,(anonymous_23)
FNDA:0,(anonymous_24)
FNDA:0,(anonymous_26)
DA:16,1
DA:17,1
DA:23,1
DA:24,1
DA:27,1
DA:28,1
DA:35,1
DA:36,1
DA:37,1
DA:38,1
DA:39,1
DA:40,1
DA:44,1
DA:52,1
DA:55,1
DA:58,7
DA:75,0
DA:79,1
DA:82,1
DA:85,7
DA:102,0
DA:108,0
DA:109,0
DA:111,0
DA:112,0
DA:115,0
DA:116,0
DA:117,0
DA:126,0
DA:132,0
DA:133,0
DA:134,0
DA:144,0
DA:145,0
DA:146,0
DA:147,0
DA:154,0
DA:155,0
DA:160,0
DA:161,0
DA:169,0
DA:173,0
DA:175,0
DA:184,0
DA:189,0
DA:191,0
DA:199,0
DA:204,0
DA:206,0
DA:210,0
DA:215,0
DA:217,0
LF:52
LH:19
BRDA:111,0,0,0
BRDA:111,0,1,0
BRDA:116,1,0,0
BRDA:116,1,1,0
BRDA:116,2,0,0
BRDA:116,2,1,0
BRF:6
BRH:0
end_of_record
TN:
SF:src\app\pages\register\create-user\create-user.component.ts
FN:27,(anonymous_0)
FN:34,(anonymous_1)
FN:46,(anonymous_2)
FN:56,(anonymous_3)
FN:60,(anonymous_4)
FN:70,(anonymous_5)
FN:80,(anonymous_7)
FN:89,(anonymous_8)
FN:106,(anonymous_9)
FNF:9
FNH:2
FNDA:1,(anonymous_0)
FNDA:1,(anonymous_1)
FNDA:0,(anonymous_2)
FNDA:0,(anonymous_3)
FNDA:0,(anonymous_4)
FNDA:0,(anonymous_5)
FNDA:0,(anonymous_7)
FNDA:0,(anonymous_8)
FNDA:0,(anonymous_9)
DA:11,1
DA:13,1
DA:27,1
DA:28,1
DA:29,1
DA:30,1
DA:31,1
DA:32,1
DA:36,1
DA:48,0
DA:51,0
DA:53,0
DA:57,0
DA:62,0
DA:65,0
DA:71,0
DA:77,0
DA:81,0
DA:92,0
DA:93,0
DA:94,0
DA:97,0
DA:98,0
DA:107,0
DA:108,0
DA:109,0
DA:110,0
DA:111,0
LF:28
LH:9
BRDA:48,0,0,0
BRDA:48,0,1,0
BRDA:48,1,0,0
BRDA:48,1,1,0
BRDA:48,1,2,0
BRDA:48,1,3,0
BRDA:48,1,4,0
BRDA:48,1,5,0
BRDA:93,2,0,0
BRDA:93,2,1,0
BRDA:97,3,0,0
BRDA:97,3,1,0
BRDA:108,4,0,0
BRDA:108,4,1,0
BRDA:109,5,0,0
BRDA:109,5,1,0
BRF:16
BRH:0
end_of_record
TN:
SF:src\app\pages\register\edit-user\edit-user.component.ts
FN:23,(anonymous_0)
FN:29,(anonymous_1)
FN:43,(anonymous_2)
FN:51,(anonymous_3)
FN:55,(anonymous_4)
FN:65,(anonymous_5)
FN:69,(anonymous_6)
FNF:7
FNH:2
FNDA:1,(anonymous_0)
FNDA:1,(anonymous_1)
FNDA:0,(anonymous_2)
FNDA:0,(anonymous_3)
FNDA:0,(anonymous_4)
FNDA:0,(anonymous_5)
FNDA:0,(anonymous_6)
DA:11,1
DA:12,1
DA:23,1
DA:24,1
DA:25,1
DA:26,1
DA:27,1
DA:32,1
DA:33,1
DA:35,1
DA:46,0
DA:47,0
DA:51,0
DA:52,0
DA:56,0
DA:60,0
DA:66,0
DA:70,0
DA:75,0
LF:19
LH:10
BRDA:46,0,0,0
BRDA:46,0,1,0
BRDA:46,1,0,0
BRDA:46,1,1,0
BRDA:47,2,0,0
BRDA:47,2,1,0
BRDA:47,3,0,0
BRDA:47,3,1,0
BRF:8
BRH:0
end_of_record
TN:
SF:src\app\pages\reset-password\reset-password.component.ts
FN:12,(anonymous_0)
FN:15,(anonymous_1)
FN:17,(anonymous_2)
FN:18,(anonymous_3)
FN:20,(anonymous_4)
FN:25,(anonymous_5)
FNF:6
FNH:2
FNDA:1,(anonymous_0)
FNDA:1,(anonymous_1)
FNDA:0,(anonymous_2)
FNDA:0,(anonymous_3)
FNDA:0,(anonymous_4)
FNDA:0,(anonymous_5)
DA:10,1
DA:12,1
DA:13,1
DA:18,0
DA:19,0
DA:21,0
DA:26,0
LF:7
LH:3
BRF:0
BRH:0
end_of_record
TN:
SF:src\app\pages\schedule-trash\schedule-trash.page.ts
FN:18,(anonymous_0)
FN:23,(anonymous_1)
FN:25,(anonymous_2)
FN:27,(anonymous_3)
FN:39,(anonymous_4)
FN:45,(anonymous_5)
FN:49,(anonymous_6)
FN:56,(anonymous_8)
FNF:8
FNH:4
FNDA:1,(anonymous_0)
FNDA:1,(anonymous_1)
FNDA:1,(anonymous_2)
FNDA:3,(anonymous_3)
FNDA:0,(anonymous_4)
FNDA:0,(anonymous_5)
FNDA:0,(anonymous_6)
FNDA:0,(anonymous_8)
DA:13,1
DA:18,1
DA:19,1
DA:20,1
DA:21,1
DA:25,1
DA:27,1
DA:29,3
DA:38,1
DA:41,0
DA:46,0
DA:51,0
DA:57,0
DA:58,0
LF:14
LH:9
BRF:0
BRH:0
end_of_record
TN:
SF:src\app\pages\schedule-trash\schedule-trash\schedule-edit\schedule-edit.component.ts
FN:18,(anonymous_0)
FN:25,(anonymous_1)
FN:40,(anonymous_2)
FN:45,(anonymous_3)
FN:49,(anonymous_4)
FN:53,(anonymous_5)
FN:62,(anonymous_6)
FNF:7
FNH:2
FNDA:1,(anonymous_0)
FNDA:1,(anonymous_1)
FNDA:0,(anonymous_2)
FNDA:0,(anonymous_3)
FNDA:0,(anonymous_4)
FNDA:0,(anonymous_5)
FNDA:0,(anonymous_6)
DA:12,1
DA:18,1
DA:19,1
DA:20,1
DA:21,1
DA:22,1
DA:23,1
DA:29,1
DA:31,1
DA:33,1
DA:41,0
DA:46,0
DA:48,0
DA:49,0
DA:50,0
DA:54,0
DA:57,0
DA:63,0
DA:69,0
LF:19
LH:10
BRDA:48,0,0,0
BRDA:48,0,1,0
BRDA:48,1,0,0
BRDA:48,1,1,0
BRF:4
BRH:0
end_of_record
TN:
SF:src\app\services\aliquot\aliquot.service.ts
FN:21,(anonymous_0)
FN:25,(anonymous_1)
FN:29,(anonymous_2)
FN:33,(anonymous_3)
FN:33,(anonymous_4)
FN:35,(anonymous_5)
FN:42,(anonymous_6)
FN:49,(anonymous_7)
FN:49,(anonymous_8)
FN:51,(anonymous_9)
FN:58,(anonymous_10)
FN:68,(anonymous_11)
FN:68,(anonymous_12)
FN:70,(anonymous_13)
FN:78,(anonymous_14)
FN:83,(anonymous_15)
FN:88,(anonymous_16)
FN:93,(anonymous_17)
FNF:18
FNH:5
FNDA:5,(anonymous_0)
FNDA:1,(anonymous_1)
FNDA:1,(anonymous_2)
FNDA:1,(anonymous_3)
FNDA:1,(anonymous_4)
FNDA:0,(anonymous_5)
FNDA:0,(anonymous_6)
FNDA:0,(anonymous_7)
FNDA:0,(anonymous_8)
FNDA:0,(anonymous_9)
FNDA:0,(anonymous_10)
FNDA:0,(anonymous_11)
FNDA:0,(anonymous_12)
FNDA:0,(anonymous_13)
FNDA:0,(anonymous_14)
FNDA:0,(anonymous_15)
FNDA:0,(anonymous_16)
FNDA:0,(anonymous_17)
DA:13,1
DA:21,5
DA:26,1
DA:31,1
DA:33,1
DA:35,1
DA:36,0
DA:37,0
DA:44,0
DA:47,0
DA:49,0
DA:51,0
DA:52,0
DA:53,0
DA:59,0
DA:60,0
DA:61,0
DA:62,0
DA:66,0
DA:68,0
DA:70,0
DA:71,0
DA:72,0
DA:79,0
DA:84,0
DA:89,0
DA:94,0
LF:27
LH:6
BRF:0
BRH:0
end_of_record
TN:
SF:src\app\services\auth\auth.service.ts
FN:18,(anonymous_0)
FN:24,(anonymous_1)
FN:29,(anonymous_2)
FN:37,(anonymous_3)
FN:51,(anonymous_4)
FN:60,(anonymous_6)
FNF:6
FNH:1
FNDA:4,(anonymous_0)
FNDA:0,(anonymous_1)
FNDA:0,(anonymous_2)
FNDA:0,(anonymous_3)
FNDA:0,(anonymous_4)
FNDA:0,(anonymous_6)
DA:12,1
DA:15,4
DA:18,4
DA:19,4
DA:20,4
DA:21,4
DA:29,0
DA:32,0
DA:34,0
DA:35,0
DA:38,0
DA:39,0
DA:40,0
DA:41,0
DA:42,0
DA:43,0
DA:52,0
DA:57,0
DA:61,0
DA:66,0
LF:20
LH:6
BRDA:40,0,0,0
BRDA:40,0,1,0
BRDA:42,1,0,0
BRDA:42,1,1,0
BRF:4
BRH:0
end_of_record
TN:
SF:src\app\services\booking\booking.service.ts
FN:14,(anonymous_0)
FN:17,(anonymous_1)
FN:21,(anonymous_2)
FN:25,(anonymous_3)
FN:25,(anonymous_4)
FN:27,(anonymous_5)
FN:35,(anonymous_6)
FN:40,(anonymous_7)
FN:45,(anonymous_8)
FNF:9
FNH:5
FNDA:6,(anonymous_0)
FNDA:3,(anonymous_1)
FNDA:1,(anonymous_2)
FNDA:1,(anonymous_3)
FNDA:1,(anonymous_4)
FNDA:0,(anonymous_5)
FNDA:0,(anonymous_6)
FNDA:0,(anonymous_7)
FNDA:0,(anonymous_8)
DA:11,1
DA:14,6
DA:18,3
DA:23,1
DA:25,1
DA:27,1
DA:28,0
DA:29,0
DA:36,0
DA:41,0
DA:46,0
LF:11
LH:6
BRF:0
BRH:0
end_of_record
TN:
SF:src\app\services\chat\chat.service.ts
FN:18,(anonymous_0)
FN:21,(anonymous_1)
FN:31,(anonymous_2)
FN:31,(anonymous_3)
FN:34,(anonymous_4)
FNF:5
FNH:1
FNDA:2,(anonymous_0)
FNDA:0,(anonymous_1)
FNDA:0,(anonymous_2)
FNDA:0,(anonymous_3)
FNDA:0,(anonymous_4)
DA:9,1
DA:18,2
DA:24,0
DA:25,0
DA:28,0
DA:31,0
DA:34,0
DA:35,0
DA:36,0
DA:37,0
LF:10
LH:2
BRF:0
BRH:0
end_of_record
TN:
SF:src\app\services\events\events.service.ts
FN:17,(anonymous_0)
FN:18,(anonymous_1)
FN:20,(anonymous_2)
FN:20,(anonymous_3)
FN:22,(anonymous_4)
FN:29,(anonymous_5)
FN:35,(anonymous_6)
FN:40,(anonymous_7)
FN:45,(anonymous_8)
FN:50,(anonymous_9)
FNF:10
FNH:2
FNDA:6,(anonymous_0)
FNDA:0,(anonymous_1)
FNDA:0,(anonymous_2)
FNDA:0,(anonymous_3)
FNDA:0,(anonymous_4)
FNDA:4,(anonymous_5)
FNDA:0,(anonymous_6)
FNDA:0,(anonymous_7)
FNDA:0,(anonymous_8)
FNDA:0,(anonymous_9)
DA:14,1
DA:17,6
DA:20,0
DA:22,0
DA:24,0
DA:31,4
DA:36,0
DA:41,0
DA:46,0
DA:51,0
LF:10
LH:3
BRF:0
BRH:0
end_of_record
TN:
SF:src\app\services\firebase\firebase.service.ts
FNF:0
FNH:0
DA:2,1
LF:1
LH:1
BRF:0
BRH:0
end_of_record
TN:
SF:src\app\services\trash\trash.service.ts
FN:12,(anonymous_0)
FN:14,(anonymous_1)
FN:20,(anonymous_2)
FN:24,(anonymous_3)
FN:42,(anonymous_4)
FN:42,(anonymous_5)
FN:44,(anonymous_6)
FNF:7
FNH:2
FNDA:4,(anonymous_0)
FNDA:1,(anonymous_1)
FNDA:0,(anonymous_2)
FNDA:0,(anonymous_3)
FNDA:0,(anonymous_4)
FNDA:0,(anonymous_5)
FNDA:0,(anonymous_6)
DA:8,1
DA:12,4
DA:16,1
DA:21,0
DA:25,0
DA:26,0
DA:35,0
DA:36,0
DA:38,0
DA:42,0
DA:44,0
DA:45,0
DA:46,0
LF:13
LH:3
BRF:0
BRH:0
end_of_record
TN:
SF:src\app\services\users\users.service.ts
FN:36,(anonymous_0)
FN:40,(anonymous_1)
FN:46,(anonymous_2)
FN:49,(anonymous_3)
FN:85,(anonymous_4)
FN:86,(anonymous_5)
FN:91,(anonymous_6)
FN:111,(anonymous_7)
FN:119,(anonymous_8)
FN:123,(anonymous_9)
FN:123,(anonymous_10)
FN:126,(anonymous_11)
FN:156,(anonymous_12)
FN:161,(anonymous_13)
FN:161,(anonymous_14)
FN:164,(anonymous_15)
FN:174,(anonymous_16)
FN:178,(anonymous_17)
FN:184,(anonymous_18)
FN:190,(anonymous_19)
FN:196,(anonymous_20)
FNF:21
FNH:9
FNDA:18,(anonymous_0)
FNDA:0,(anonymous_1)
FNDA:0,(anonymous_2)
FNDA:0,(anonymous_3)
FNDA:0,(anonymous_4)
FNDA:0,(anonymous_5)
FNDA:0,(anonymous_6)
FNDA:0,(anonymous_7)
FNDA:4,(anonymous_8)
FNDA:4,(anonymous_9)
FNDA:4,(anonymous_10)
FNDA:0,(anonymous_11)
FNDA:1,(anonymous_12)
FNDA:1,(anonymous_13)
FNDA:1,(anonymous_14)
FNDA:7,(anonymous_15)
FNDA:4,(anonymous_16)
FNDA:0,(anonymous_17)
FNDA:0,(anonymous_18)
FNDA:0,(anonymous_19)
FNDA:0,(anonymous_20)
DA:26,1
DA:32,18
DA:33,18
DA:36,18
DA:37,18
DA:43,0
DA:46,0
DA:49,0
DA:52,0
DA:53,0
DA:54,0
DA:55,0
DA:57,0
DA:62,0
DA:63,0
DA:64,0
DA:65,0
DA:67,0
DA:72,0
DA:73,0
DA:74,0
DA:86,0
DA:89,0
DA:95,0
DA:98,0
DA:108,0
DA:112,0
DA:122,4
DA:123,4
DA:126,4
DA:129,0
DA:130,0
DA:131,0
DA:132,0
DA:134,0
DA:139,0
DA:140,0
DA:141,0
DA:142,0
DA:144,0
DA:147,0
DA:148,0
DA:159,1
DA:161,1
DA:164,1
DA:165,7
DA:166,7
DA:175,4
DA:179,0
DA:185,0
DA:191,0
DA:197,0
LF:52
LH:14
BRDA:52,0,0,0
BRDA:52,0,1,0
BRDA:54,1,0,0
BRDA:54,1,1,0
BRDA:62,2,0,0
BRDA:62,2,1,0
BRDA:64,3,0,0
BRDA:64,3,1,0
BRDA:129,4,0,0
BRDA:129,4,1,0
BRDA:131,5,0,0
BRDA:131,5,1,0
BRDA:139,6,0,0
BRDA:139,6,1,0
BRDA:141,7,0,0
BRDA:141,7,1,0
BRF:16
BRH:0
end_of_record
